<?xml version="1.0" encoding="UTF-8"?>
<testng-results ignored="0" total="1" passed="1" failed="0" skipped="0">
  <reporter-output>
  </reporter-output>
  <suite started-at="2024-04-10T16:31:51 CDT" name="Surefire suite" finished-at="2024-04-10T16:32:10 CDT" duration-ms="18853">
    <groups>
      <group name="cucumber">
        <method signature="AbstractTestNGCucumberTests.runScenario(io.cucumber.testng.PickleWrapper,io.cucumber.testng.FeatureWrapper)[pri:0, instance:TestNg.TestNg@71b1176b]" name="runScenario" class="io.cucumber.testng.AbstractTestNGCucumberTests"/>
      </group> <!-- cucumber -->
    </groups>
    <test started-at="2024-04-10T16:31:51 CDT" name="Surefire test" finished-at="2024-04-10T16:32:10 CDT" duration-ms="18853">
      <class name="TestNg.TestNg">
        <test-method is-config="true" signature="setUpClass(org.testng.ITestContext)[pri:0, instance:TestNg.TestNg@71b1176b]" started-at="2024-04-10T16:31:51 CDT" name="setUpClass" finished-at="2024-04-10T16:31:51 CDT" duration-ms="179" status="PASS">
          <params>
            <param index="0">
              <value>
                <![CDATA[org.testng.TestRunner@1948ea69]]>
              </value>
            </param>
          </params>
          <reporter-output>
          </reporter-output>
        </test-method> <!-- setUpClass -->
        <test-method signature="runScenario(io.cucumber.testng.PickleWrapper,io.cucumber.testng.FeatureWrapper)[pri:0, instance:TestNg.TestNg@71b1176b]" started-at="2024-04-10T16:31:51 CDT" name="runScenario" description="Runs Cucumber Scenarios" data-provider="scenarios" finished-at="2024-04-10T16:32:10 CDT" duration-ms="18640" status="PASS">
          <params>
            <param index="0">
              <value>
                <![CDATA["Search total images and availble in table"]]>
              </value>
            </param>
            <param index="1">
              <value>
                <![CDATA["Application login"]]>
              </value>
            </param>
          </params>
          <reporter-output>
          </reporter-output>
        </test-method> <!-- runScenario -->
        <test-method is-config="true" signature="tearDownClass()[pri:0, instance:TestNg.TestNg@71b1176b]" started-at="2024-04-10T16:32:10 CDT" name="tearDownClass" finished-at="2024-04-10T16:32:10 CDT" duration-ms="7" status="PASS">
          <reporter-output>
          </reporter-output>
        </test-method> <!-- tearDownClass -->
      </class> <!-- TestNg.TestNg -->
    </test> <!-- Surefire test -->
  </suite> <!-- Surefire suite -->
</testng-results>
